Listing on port 6000.
Listing on port 6000.
Calling <function move_up at 0xb6569198>.
Calling <function move_up at 0xb6569198>.
Calling <function move_up at 0xb6569198>.
Calling <function move_up at 0xb6569198>.
Calling <function move_up at 0xb6569198>.
Calling <function move_up at 0xb6569198>.
Calling <function move_up at 0xb6569198>.
Calling <function move_up at 0xb6569198>.
Calling <function move_up at 0xb6569198>.
Listing on port 6000.
Calling <function move_down at 0xb6506a50>.
Calling <function move_down at 0xb6506a50>.
Calling <function move_down at 0xb6506a50>.
Calling <function move_down at 0xb6506a50>.
Calling <function move_down at 0xb6506a50>.
Calling <function move_down at 0xb6506a50>.
Calling <function move_down at 0xb6506a50>.
Calling <function move_down at 0xb6506a50>.
Calling <function move_down at 0xb6506a50>.
Calling <function move_down at 0xb6506a50>.
Calling <function move_down at 0xb6506a50>.
Calling <function move_down at 0xb6506a50>.
Calling <function move_down at 0xb6506a50>.
Listing on port 6000.
Yeeting
Yeet complete
Listing on port 6000.
Calling <function move_up at 0xb65a1198>.
Calling <function move_up at 0xb65a1198>.
Calling <function move_up at 0xb65a1198>.
Calling <function move_up at 0xb65a1198>.
Calling <function move_up at 0xb65a1198>.
Calling <function move_up at 0xb65a1198>.
Calling <function move_up at 0xb65a1198>.
Calling <function move_up at 0xb65a1198>.
Calling <function move_up at 0xb65a1198>.
Listing on port 6000.
Calling <function move_up at 0xb6577198>.
Calling <function move_up at 0xb6577198>.
Calling <function move_up at 0xb6577198>.
Calling <function move_up at 0xb6577198>.
Calling <function move_up at 0xb6577198>.
Calling <function move_up at 0xb6577198>.
Calling <function move_up at 0xb6577198>.
Calling <function move_up at 0xb6577198>.
Calling <function move_up at 0xb6577198>.
Calling <function move_up at 0xb6577198>.
Calling <function move_up at 0xb6577198>.
Calling <function move_up at 0xb6577198>.
Calling <function move_up at 0xb6577198>.
Calling <function move_up at 0xb6577198>.
Calling <function move_up at 0xb6577198>.
Calling <function move_up at 0xb6577198>.
Listing on port 6000.
Calling <function move_down at 0xb65f0a50>.
Calling <function move_down at 0xb65f0a50>.
Calling <function move_down at 0xb65f0a50>.
Calling <function move_down at 0xb65f0a50>.
Calling <function move_down at 0xb65f0a50>.
Calling <function move_down at 0xb65f0a50>.
Calling <function move_down at 0xb65f0a50>.
Calling <function move_down at 0xb65f0a50>.
Calling <function move_down at 0xb65f0a50>.
Calling <function move_down at 0xb65f0a50>.
Calling <function move_down at 0xb65f0a50>.
Calling <function move_down at 0xb65f0a50>.
Calling <function move_down at 0xb65f0a50>.
Calling <function move_down at 0xb65f0a50>.
Calling <function move_down at 0xb65f0a50>.
Calling <function move_down at 0xb65f0a50>.
Calling <function move_down at 0xb65f0a50>.
Calling <function move_down at 0xb65f0a50>.
Calling <function move_down at 0xb65f0a50>.
Calling <function move_down at 0xb65f0a50>.
Calling <function move_down at 0xb65f0a50>.
Calling <function move_down at 0xb65f0a50>.
Calling <function move_down at 0xb65f0a50>.
Calling <function move_down at 0xb65f0a50>.
Listing on port 6000.
Yeeting
Yeet complete
Listing on port 6000.
Calling <function move_up at 0xb65a0198>.
Calling <function move_up at 0xb65a0198>.
Calling <function move_up at 0xb65a0198>.
Calling <function move_up at 0xb65a0198>.
Calling <function move_up at 0xb65a0198>.
Calling <function move_up at 0xb65a0198>.
Calling <function move_up at 0xb65a0198>.
Calling <function move_up at 0xb65a0198>.
Calling <function move_up at 0xb65a0198>.
Calling <function move_up at 0xb65a0198>.
Calling <function move_up at 0xb65a0198>.
Calling <function move_up at 0xb65a0198>.
Calling <function move_up at 0xb65a0198>.
Calling <function move_up at 0xb65a0198>.
Listing on port 6000.
Yeeting
Yeet complete
Calling <function move_up at 0xb6577198>.
Calling <function move_up at 0xb6577198>.
Calling <function move_up at 0xb6577198>.
Calling <function move_up at 0xb6577198>.
Calling <function move_up at 0xb6577198>.
Calling <function move_up at 0xb6577198>.
Listing on port 6000.
Yeeting
Yeet complete
Listing on port 6000.
Calling <function move_down at 0xb65baa50>.
Calling <function move_down at 0xb65baa50>.
Calling <function move_down at 0xb65baa50>.
Calling <function move_down at 0xb65baa50>.
Calling <function move_down at 0xb65baa50>.
Calling <function move_down at 0xb65baa50>.
Calling <function move_down at 0xb65baa50>.
Calling <function move_down at 0xb65baa50>.
Calling <function move_down at 0xb65baa50>.
Calling <function move_down at 0xb65baa50>.
Calling <function move_down at 0xb65baa50>.
Calling <function move_down at 0xb65baa50>.
Calling <function move_down at 0xb65baa50>.
Calling <function move_down at 0xb65baa50>.
Calling <function move_down at 0xb65baa50>.
Calling <function move_down at 0xb65baa50>.
Calling <function move_down at 0xb65baa50>.
Calling <function move_down at 0xb65baa50>.
Calling <function move_down at 0xb65baa50>.
Calling <function move_down at 0xb65baa50>.
Calling <function move_down at 0xb65baa50>.
Calling <function move_down at 0xb65baa50>.
Calling <function move_down at 0xb65baa50>.
Calling <function move_down at 0xb65baa50>.
Calling <function move_down at 0xb65baa50>.
Calling <function move_down at 0xb65baa50>.
Calling <function move_down at 0xb65baa50>.
Calling <function move_down at 0xb65baa50>.
Calling <function move_down at 0xb65baa50>.
Calling <function move_down at 0xb65baa50>.
Calling <function move_down at 0xb65baa50>.
Calling <function move_down at 0xb65baa50>.
Calling <function move_down at 0xb65baa50>.
Calling <function move_down at 0xb65baa50>.
Calling <function move_down at 0xb65baa50>.
Calling <function move_down at 0xb65baa50>.
Calling <function move_down at 0xb65baa50>.
Calling <function move_down at 0xb65baa50>.
Calling <function move_down at 0xb65baa50>.
Calling <function move_down at 0xb65baa50>.
Calling <function move_down at 0xb65baa50>.
Calling <function move_down at 0xb65baa50>.
Calling <function move_down at 0xb65baa50>.
Calling <function move_down at 0xb65baa50>.
Calling <function move_down at 0xb65baa50>.
Calling <function move_down at 0xb65baa50>.
Calling <function move_down at 0xb65baa50>.
Calling <function move_down at 0xb65baa50>.
Calling <function move_down at 0xb65baa50>.
Calling <function move_down at 0xb65baa50>.
Calling <function move_down at 0xb65baa50>.
Calling <function move_down at 0xb65baa50>.
Calling <function move_down at 0xb65baa50>.
Calling <function move_down at 0xb65baa50>.
Calling <function move_down at 0xb65baa50>.
Calling <function move_down at 0xb65baa50>.
Calling <function move_down at 0xb65baa50>.
Calling <function move_down at 0xb65baa50>.
Calling <function move_down at 0xb65baa50>.
Calling <function move_down at 0xb65baa50>.
Calling <function move_down at 0xb65baa50>.
Calling <function move_down at 0xb65baa50>.
Calling <function move_down at 0xb65baa50>.
Calling <function move_down at 0xb65baa50>.
Calling <function move_down at 0xb65baa50>.
Calling <function move_down at 0xb65baa50>.
Calling <function move_down at 0xb65baa50>.
Calling <function move_down at 0xb65baa50>.
Calling <function move_down at 0xb65baa50>.
Calling <function move_down at 0xb65baa50>.
Calling <function move_down at 0xb65baa50>.
Calling <function move_down at 0xb65baa50>.
Calling <function move_down at 0xb65baa50>.
Calling <function move_down at 0xb65baa50>.
Calling <function move_down at 0xb65baa50>.
Calling <function move_down at 0xb65baa50>.
Calling <function move_down at 0xb65baa50>.
Calling <function move_down at 0xb65baa50>.
Calling <function move_down at 0xb65baa50>.
Calling <function move_down at 0xb65baa50>.
Calling <function move_down at 0xb65baa50>.
Calling <function move_down at 0xb65baa50>.
Calling <function move_down at 0xb65baa50>.
Calling <function move_down at 0xb65baa50>.
Calling <function move_down at 0xb65baa50>.
Calling <function move_down at 0xb65baa50>.
Calling <function move_down at 0xb65baa50>.
Calling <function move_down at 0xb65baa50>.
Calling <function move_down at 0xb65baa50>.
Calling <function move_down at 0xb65baa50>.
Calling <function move_down at 0xb65baa50>.
Calling <function move_down at 0xb65baa50>.
Calling <function move_down at 0xb65baa50>.
Calling <function move_down at 0xb65baa50>.
Calling <function move_down at 0xb65baa50>.
Calling <function move_down at 0xb65baa50>.
Calling <function move_down at 0xb65baa50>.
Calling <function move_down at 0xb65baa50>.
Calling <function move_down at 0xb65baa50>.
Calling <function move_down at 0xb65baa50>.
Calling <function move_down at 0xb65baa50>.
Calling <function move_down at 0xb65baa50>.
Calling <function move_down at 0xb65baa50>.
Calling <function move_down at 0xb65baa50>.
Listing on port 6000.
Yeeting
Yeet complete
Calling <function move_up at 0xb6589198>.
Calling <function move_up at 0xb6589198>.
Calling <function move_up at 0xb6589198>.
Calling <function move_up at 0xb6589198>.
Calling <function move_up at 0xb6589198>.
Calling <function move_up at 0xb6589198>.
Calling <function move_up at 0xb6589198>.
Calling <function move_up at 0xb6589198>.
Calling <function move_up at 0xb6589198>.
Calling <function move_up at 0xb6589198>.
Calling <function move_up at 0xb6589198>.
Calling <function move_up at 0xb6589198>.
Calling <function move_up at 0xb6589198>.
Calling <function move_up at 0xb6589198>.
Calling <function move_up at 0xb6589198>.
Calling <function move_up at 0xb6589198>.
Calling <function move_up at 0xb6589198>.
Calling <function move_up at 0xb6589198>.
Calling <function move_up at 0xb6589198>.
Calling <function move_up at 0xb6589198>.
Calling <function move_up at 0xb6589198>.
Calling <function move_up at 0xb6589198>.
Calling <function move_up at 0xb6589198>.
Calling <function move_up at 0xb6589198>.
Calling <function move_up at 0xb6589198>.
Calling <function move_up at 0xb6589198>.
Calling <function move_up at 0xb6589198>.
Calling <function move_up at 0xb6589198>.
Calling <function move_up at 0xb6589198>.
Calling <function move_up at 0xb6589198>.
Calling <function move_up at 0xb6589198>.
Calling <function move_up at 0xb6589198>.
Calling <function move_up at 0xb6589198>.
Calling <function move_up at 0xb6589198>.
Calling <function move_up at 0xb6589198>.
Calling <function move_up at 0xb6589198>.
Calling <function move_up at 0xb6589198>.
Calling <function move_up at 0xb6589198>.
Calling <function move_up at 0xb6589198>.
Calling <function move_up at 0xb6589198>.
Calling <function move_up at 0xb6589198>.
Calling <function move_up at 0xb6589198>.
Calling <function move_up at 0xb6589198>.
Calling <function move_up at 0xb6589198>.
Calling <function move_up at 0xb6589198>.
Calling <function move_up at 0xb6589198>.
Calling <function move_up at 0xb6589198>.
Calling <function move_up at 0xb6589198>.
Calling <function move_up at 0xb6589198>.
Calling <function move_up at 0xb6589198>.
Calling <function move_up at 0xb6589198>.
Calling <function move_up at 0xb6589198>.
Calling <function move_up at 0xb6589198>.
Calling <function move_up at 0xb6589198>.
Calling <function move_up at 0xb6589198>.
Calling <function move_up at 0xb6589198>.
Calling <function move_up at 0xb6589198>.
Calling <function move_up at 0xb6589198>.
Calling <function move_up at 0xb6589198>.
Calling <function move_up at 0xb6589198>.
Calling <function move_up at 0xb6589198>.
Calling <function move_up at 0xb6589198>.
Calling <function move_up at 0xb6589198>.
Calling <function move_up at 0xb6589198>.
Calling <function move_up at 0xb6589198>.
Calling <function move_up at 0xb6589198>.
Calling <function move_up at 0xb6589198>.
Calling <function move_up at 0xb6589198>.
Calling <function move_up at 0xb6589198>.
Calling <function move_up at 0xb6589198>.
Calling <function move_up at 0xb6589198>.
Calling <function move_up at 0xb6589198>.
Calling <function move_up at 0xb6589198>.
Calling <function move_up at 0xb6589198>.
Calling <function move_up at 0xb6589198>.
Calling <function move_up at 0xb6589198>.
Calling <function move_up at 0xb6589198>.
Calling <function move_up at 0xb6589198>.
Calling <function move_up at 0xb6589198>.
Calling <function move_up at 0xb6589198>.
Calling <function move_up at 0xb6589198>.
Calling <function move_up at 0xb6589198>.
Calling <function move_up at 0xb6589198>.
Calling <function move_up at 0xb6589198>.
Calling <function move_up at 0xb6589198>.
Calling <function move_up at 0xb6589198>.
Calling <function move_up at 0xb6589198>.
Calling <function move_up at 0xb6589198>.
Calling <function move_up at 0xb6589198>.
Calling <function move_up at 0xb6589198>.
Calling <function move_up at 0xb6589198>.
Calling <function move_up at 0xb6589198>.
Calling <function move_up at 0xb6589198>.
Calling <function move_up at 0xb6589198>.
Calling <function move_up at 0xb6589198>.
Calling <function move_up at 0xb6589198>.
Calling <function move_up at 0xb6589198>.
Calling <function move_up at 0xb6589198>.
Calling <function move_up at 0xb6589198>.
Calling <function move_up at 0xb6589198>.
Calling <function move_up at 0xb6589198>.
Calling <function move_up at 0xb6589198>.
Calling <function move_up at 0xb6589198>.
Calling <function move_up at 0xb6589198>.
Calling <function move_up at 0xb6589198>.
Calling <function move_up at 0xb6589198>.
Calling <function move_up at 0xb6589198>.
Listing on port 6000.
Calling <function move_up at 0xb659b198>.
Listing on port 6000.
Calling <function move_up at 0xb650b198>.
Listing on port 6000.
Calling <function move_up at 0xb6540198>.
Listing on port 6000.
Listing on port 6000.
Listing on port 6000.
Listing on port 6000.
Listing on port 6000.
Listing on port 6000.
Listing on port 6000.
Calling <function move_down at 0xb65f0a50>.
Calling <function move_down at 0xb65f0a50>.
Calling <function move_down at 0xb65f0a50>.
Calling <function move_down at 0xb65f0a50>.
Calling <function move_down at 0xb65f0a50>.
Calling <function move_down at 0xb65f0a50>.
Calling <function move_down at 0xb65f0a50>.
Calling <function move_down at 0xb65f0a50>.
Calling <function move_down at 0xb65f0a50>.
Calling <function move_down at 0xb65f0a50>.
Calling <function move_down at 0xb65f0a50>.
Listing on port 6000.
Listing on port 6000.
Calling <function move_down at 0xb655ba50>.
Calling <function move_down at 0xb655ba50>.
Calling <function move_down at 0xb655ba50>.
Calling <function move_down at 0xb655ba50>.
Calling <function move_down at 0xb655ba50>.
Calling <function move_down at 0xb655ba50>.
Calling <function move_down at 0xb655ba50>.
Calling <function move_down at 0xb655ba50>.
Calling <function move_down at 0xb655ba50>.
Calling <function move_down at 0xb655ba50>.
Calling <function move_down at 0xb655ba50>.
Calling <function move_down at 0xb655ba50>.
Calling <function move_down at 0xb655ba50>.
Calling <function move_down at 0xb655ba50>.
Calling <function move_down at 0xb655ba50>.
Calling <function move_down at 0xb655ba50>.
Calling <function move_down at 0xb655ba50>.
Calling <function move_down at 0xb655ba50>.
Calling <function move_down at 0xb655ba50>.
Calling <function move_down at 0xb655ba50>.
Calling <function move_down at 0xb655ba50>.
Calling <function move_down at 0xb655ba50>.
Calling <function move_down at 0xb655ba50>.
Calling <function move_down at 0xb655ba50>.
Calling <function move_down at 0xb655ba50>.
Calling <function move_down at 0xb655ba50>.
Calling <function move_down at 0xb655ba50>.
Calling <function move_down at 0xb655ba50>.
Calling <function move_down at 0xb655ba50>.
Calling <function move_down at 0xb655ba50>.
Calling <function move_down at 0xb655ba50>.
Calling <function move_down at 0xb655ba50>.
Calling <function move_down at 0xb655ba50>.
Calling <function move_down at 0xb655ba50>.
Calling <function move_down at 0xb655ba50>.
Calling <function move_down at 0xb655ba50>.
Calling <function move_down at 0xb655ba50>.
Calling <function move_down at 0xb655ba50>.
Calling <function move_down at 0xb655ba50>.
Calling <function move_down at 0xb655ba50>.
Calling <function move_down at 0xb655ba50>.
Calling <function move_down at 0xb655ba50>.
Calling <function move_down at 0xb655ba50>.
Calling <function move_down at 0xb655ba50>.
Calling <function move_down at 0xb655ba50>.
Calling <function move_down at 0xb655ba50>.
Calling <function move_down at 0xb655ba50>.
Calling <function move_down at 0xb655ba50>.
Calling <function move_down at 0xb655ba50>.
Calling <function move_down at 0xb655ba50>.
Calling <function move_down at 0xb655ba50>.
Calling <function move_down at 0xb655ba50>.
Calling <function move_down at 0xb655ba50>.
Calling <function move_down at 0xb655ba50>.
Calling <function move_down at 0xb655ba50>.
Calling <function move_down at 0xb655ba50>.
Calling <function move_down at 0xb655ba50>.
Calling <function move_down at 0xb655ba50>.
Calling <function move_down at 0xb655ba50>.
Calling <function move_down at 0xb655ba50>.
Calling <function move_down at 0xb655ba50>.
Calling <function move_down at 0xb655ba50>.
Calling <function move_down at 0xb655ba50>.
Calling <function move_down at 0xb655ba50>.
Calling <function move_down at 0xb655ba50>.
Calling <function move_down at 0xb655ba50>.
Calling <function move_down at 0xb655ba50>.
Calling <function move_down at 0xb655ba50>.
Calling <function move_down at 0xb655ba50>.
Calling <function move_down at 0xb655ba50>.
Calling <function move_down at 0xb655ba50>.
Calling <function move_down at 0xb655ba50>.
Calling <function move_down at 0xb655ba50>.
Calling <function move_down at 0xb655ba50>.
Calling <function move_down at 0xb655ba50>.
Calling <function move_down at 0xb655ba50>.
Calling <function move_down at 0xb655ba50>.
Calling <function move_down at 0xb655ba50>.
Calling <function move_down at 0xb655ba50>.
Calling <function move_down at 0xb655ba50>.
Calling <function move_down at 0xb655ba50>.
Calling <function move_down at 0xb655ba50>.
Calling <function move_down at 0xb655ba50>.
Calling <function move_down at 0xb655ba50>.
Calling <function move_down at 0xb655ba50>.
Calling <function move_down at 0xb655ba50>.
Calling <function move_down at 0xb655ba50>.
Calling <function move_down at 0xb655ba50>.
Calling <function move_down at 0xb655ba50>.
Calling <function move_down at 0xb655ba50>.
Calling <function move_down at 0xb655ba50>.
Calling <function move_down at 0xb655ba50>.
Calling <function move_down at 0xb655ba50>.
Calling <function move_down at 0xb655ba50>.
Listing on port 6000.
Yeeting
Yeet complete
Calling <function move_up at 0xb6545198>.
Calling <function move_up at 0xb6545198>.
Calling <function move_up at 0xb6545198>.
Calling <function move_up at 0xb6545198>.
Calling <function move_up at 0xb6545198>.
Calling <function move_up at 0xb6545198>.
Calling <function move_up at 0xb6545198>.
Calling <function move_up at 0xb6545198>.
Calling <function move_up at 0xb6545198>.
Calling <function move_up at 0xb6545198>.
Calling <function move_up at 0xb6545198>.
Calling <function move_up at 0xb6545198>.
Calling <function move_up at 0xb6545198>.
Calling <function move_up at 0xb6545198>.
Calling <function move_up at 0xb6545198>.
Calling <function move_up at 0xb6545198>.
Calling <function move_up at 0xb6545198>.
Calling <function move_up at 0xb6545198>.
Calling <function move_up at 0xb6545198>.
Calling <function move_up at 0xb6545198>.
Calling <function move_up at 0xb6545198>.
Calling <function move_up at 0xb6545198>.
Calling <function move_up at 0xb6545198>.
Calling <function move_up at 0xb6545198>.
Calling <function move_up at 0xb6545198>.
Calling <function move_up at 0xb6545198>.
Calling <function move_up at 0xb6545198>.
Calling <function move_up at 0xb6545198>.
Calling <function move_up at 0xb6545198>.
Calling <function move_up at 0xb6545198>.
Calling <function move_up at 0xb6545198>.
Calling <function move_up at 0xb6545198>.
Calling <function move_up at 0xb6545198>.
Calling <function move_up at 0xb6545198>.
Calling <function move_up at 0xb6545198>.
Calling <function move_up at 0xb6545198>.
Calling <function move_up at 0xb6545198>.
Calling <function move_up at 0xb6545198>.
Calling <function move_up at 0xb6545198>.
Calling <function move_up at 0xb6545198>.
Calling <function move_up at 0xb6545198>.
Calling <function move_up at 0xb6545198>.
Calling <function move_up at 0xb6545198>.
Calling <function move_up at 0xb6545198>.
Calling <function move_up at 0xb6545198>.
Calling <function move_up at 0xb6545198>.
Calling <function move_up at 0xb6545198>.
Calling <function move_up at 0xb6545198>.
Calling <function move_up at 0xb6545198>.
Calling <function move_up at 0xb6545198>.
Calling <function move_up at 0xb6545198>.
Calling <function move_up at 0xb6545198>.
Calling <function move_up at 0xb6545198>.
Calling <function move_up at 0xb6545198>.
Calling <function move_up at 0xb6545198>.
Calling <function move_up at 0xb6545198>.
Calling <function move_up at 0xb6545198>.
Calling <function move_up at 0xb6545198>.
Calling <function move_up at 0xb6545198>.
Calling <function move_up at 0xb6545198>.
Calling <function move_up at 0xb6545198>.
Calling <function move_up at 0xb6545198>.
Calling <function move_up at 0xb6545198>.
Calling <function move_up at 0xb6545198>.
Calling <function move_up at 0xb6545198>.
Calling <function move_up at 0xb6545198>.
Calling <function move_up at 0xb6545198>.
Calling <function move_up at 0xb6545198>.
Calling <function move_up at 0xb6545198>.
Calling <function move_up at 0xb6545198>.
Calling <function move_up at 0xb6545198>.
Calling <function move_up at 0xb6545198>.
Calling <function move_up at 0xb6545198>.
Calling <function move_up at 0xb6545198>.
Calling <function move_up at 0xb6545198>.
Calling <function move_up at 0xb6545198>.
Calling <function move_up at 0xb6545198>.
Calling <function move_up at 0xb6545198>.
Calling <function move_up at 0xb6545198>.
Calling <function move_up at 0xb6545198>.
Calling <function move_up at 0xb6545198>.
Calling <function move_up at 0xb6545198>.
Calling <function move_up at 0xb6545198>.
Calling <function move_up at 0xb6545198>.
Calling <function move_up at 0xb6545198>.
Calling <function move_up at 0xb6545198>.
Calling <function move_up at 0xb6545198>.
Calling <function move_up at 0xb6545198>.
Calling <function move_up at 0xb6545198>.
Calling <function move_up at 0xb6545198>.
Calling <function move_up at 0xb6545198>.
Calling <function move_up at 0xb6545198>.
Calling <function move_up at 0xb6545198>.
Calling <function move_up at 0xb6545198>.
Calling <function move_up at 0xb6545198>.
Calling <function move_up at 0xb6545198>.
Calling <function move_up at 0xb6545198>.
Calling <function move_up at 0xb6545198>.
Calling <function move_up at 0xb6545198>.
Calling <function move_up at 0xb6545198>.
Calling <function move_up at 0xb6545198>.
Calling <function move_up at 0xb6545198>.
Calling <function move_up at 0xb6545198>.
Calling <function move_up at 0xb6545198>.
Calling <function move_up at 0xb6545198>.
Calling <function move_up at 0xb6545198>.
Listing on port 6000.
Calling <function move_down at 0xb65b3a50>.
Calling <function move_down at 0xb65b3a50>.
Calling <function move_down at 0xb65b3a50>.
Calling <function move_down at 0xb65b3a50>.
Calling <function move_down at 0xb65b3a50>.
Calling <function move_down at 0xb65b3a50>.
Calling <function move_down at 0xb65b3a50>.
Listing on port 6000.
Listing on port 6000.
Listing on port 6000.
Calling <function move_down at 0xb65b8a50>.
Calling <function move_down at 0xb65b8a50>.
Calling <function move_down at 0xb65b8a50>.
Calling <function move_down at 0xb65b8a50>.
Calling <function move_down at 0xb65b8a50>.
Calling <function move_down at 0xb65b8a50>.
Calling <function move_down at 0xb65b8a50>.
Calling <function move_down at 0xb65b8a50>.
Calling <function move_down at 0xb65b8a50>.
Calling <function move_down at 0xb65b8a50>.
Calling <function move_down at 0xb65b8a50>.
Calling <function move_down at 0xb65b8a50>.
Calling <function move_down at 0xb65b8a50>.
Calling <function move_down at 0xb65b8a50>.
Listing on port 6000.
Calling <function move_up at 0xb65d3198>.
Calling <function move_up at 0xb65d3198>.
Calling <function move_up at 0xb65d3198>.
Calling <function move_up at 0xb65d3198>.
Listing on port 6000.
Yeeting
Yeet complete
Listing on port 6000.
Calling <function move_down at 0xb64fba50>.
Calling <function move_down at 0xb64fba50>.
Calling <function move_down at 0xb64fba50>.
Calling <function move_down at 0xb64fba50>.
Calling <function move_down at 0xb64fba50>.
Calling <function move_down at 0xb64fba50>.
Calling <function move_down at 0xb64fba50>.
Calling <function move_down at 0xb64fba50>.
Calling <function move_down at 0xb64fba50>.
Calling <function move_down at 0xb64fba50>.
Calling <function move_down at 0xb64fba50>.
Calling <function move_down at 0xb64fba50>.
Calling <function move_down at 0xb64fba50>.
Calling <function move_down at 0xb64fba50>.
Calling <function move_down at 0xb64fba50>.
Calling <function move_down at 0xb64fba50>.
Calling <function move_down at 0xb64fba50>.
Calling <function move_down at 0xb64fba50>.
Calling <function move_down at 0xb64fba50>.
Listing on port 6000.
Yeeting
Yeet complete
Calling <function move_up at 0xb64f7198>.
Calling <function move_up at 0xb64f7198>.
Calling <function move_up at 0xb64f7198>.
Calling <function move_up at 0xb64f7198>.
Calling <function move_up at 0xb64f7198>.
Calling <function move_up at 0xb64f7198>.
Calling <function move_up at 0xb64f7198>.
Calling <function move_up at 0xb64f7198>.
Calling <function move_up at 0xb64f7198>.
Calling <function move_up at 0xb64f7198>.
Calling <function move_up at 0xb64f7198>.
Calling <function move_up at 0xb64f7198>.
Calling <function move_up at 0xb64f7198>.
Calling <function move_up at 0xb64f7198>.
Calling <function move_up at 0xb64f7198>.
Calling <function move_up at 0xb64f7198>.
Calling <function move_up at 0xb64f7198>.
Calling <function move_up at 0xb64f7198>.
Calling <function move_up at 0xb64f7198>.
Calling <function move_up at 0xb64f7198>.
Calling <function move_up at 0xb64f7198>.
Calling <function move_up at 0xb64f7198>.
Calling <function move_up at 0xb64f7198>.
Calling <function move_up at 0xb64f7198>.
Calling <function move_up at 0xb64f7198>.
Calling <function move_up at 0xb64f7198>.
Calling <function move_up at 0xb64f7198>.
Calling <function move_up at 0xb64f7198>.
Calling <function move_up at 0xb64f7198>.
Calling <function move_up at 0xb64f7198>.
Calling <function move_up at 0xb64f7198>.
Calling <function move_up at 0xb64f7198>.
Calling <function move_up at 0xb64f7198>.
Calling <function move_up at 0xb64f7198>.
Calling <function move_up at 0xb64f7198>.
